SF:lib/api/store_api.dart
DA:6,1
DA:8,1
DA:9,1
DA:10,3
DA:11,4
DA:14,1
DA:16,2
DA:17,1
DA:18,1
DA:19,2
LF:10
LH:10
end_of_record
SF:lib/models/book.dart
DA:5,1
DA:20,1
DA:21,1
DA:22,1
DA:23,1
DA:24,1
DA:25,1
DA:26,1
DA:27,1
DA:31,1
DA:32,1
DA:33,1
DA:34,1
DA:35,1
DA:36,1
DA:37,1
DA:38,1
DA:42,3
DA:44,1
DA:45,2
LF:20
LH:20
end_of_record
SF:lib/models/http/book_detail_response.dart
DA:4,1
DA:40,1
DA:41,1
DA:42,1
DA:43,1
DA:44,1
DA:45,1
DA:46,1
DA:47,1
DA:48,1
DA:49,1
DA:50,1
DA:51,1
DA:52,1
DA:53,1
DA:54,1
DA:55,1
DA:56,1
DA:57,1
DA:61,1
DA:62,1
DA:63,2
DA:64,2
DA:65,2
DA:66,2
DA:67,2
DA:68,2
DA:69,2
DA:70,2
DA:71,2
DA:72,2
DA:73,2
DA:74,2
DA:75,2
DA:76,2
DA:77,2
DA:81,3
DA:83,1
DA:84,2
LF:39
LH:39
end_of_record
SF:lib/models/http/books_response.dart
DA:11,1
DA:18,1
DA:19,1
DA:20,5
DA:21,1
DA:22,1
DA:23,1
DA:27,1
DA:28,1
DA:29,1
DA:30,2
DA:31,2
DA:34,2
DA:35,2
DA:36,2
DA:40,3
DA:42,1
DA:43,2
LF:18
LH:18
end_of_record
